[11:01:41 AM] SafeGuard started. Logs in: C:\Users\kshit\Desktop\Rehan project\women-safety-app\logs
[11:01:41 AM] Local:  http://localhost:3000
[11:01:41 AM] Mobile: http://localhost:4040 (get ngrok URL)
[11:01:41 AM] Started server (pid 2756)
[11:01:42 AM] server exited (code 1) — restarting in 3s...
[11:01:43 AM] Started client (pid 1568)
[11:01:45 AM] Started server (pid 11020)
[11:01:46 AM] Started ngrok (pid 3532)
[11:01:46 AM] server exited (code 1) — restarting in 3s...
[11:01:48 AM] ngrok exited (code 1) — restarting in 3s...
[11:01:49 AM] Started server (pid 3768)
[11:01:50 AM] server exited (code 1) — restarting in 3s...
[11:01:51 AM] Started ngrok (pid 13768)
[11:01:53 AM] Started server (pid 17176)
[11:01:53 AM] ngrok exited (code 1) — restarting in 3s...
[11:01:53 AM] server exited (code 1) — restarting in 3s...
[11:01:56 AM] Started ngrok (pid 9648)
[11:01:57 AM] Started server (pid 2052)
[11:01:57 AM] server exited (code 1) — restarting in 3s...
[11:01:58 AM] ngrok exited (code 1) — restarting in 3s...
[11:02:00 AM] Started server (pid 8088)
[11:02:01 AM] server exited (code 1) — restarting in 3s...
[11:02:01 AM] Started ngrok (pid 7304)
[11:02:04 AM] ngrok exited (code 1) — restarting in 3s...
[11:02:04 AM] Started server (pid 14524)
[11:02:05 AM] server exited (code 1) — restarting in 3s...
[11:02:07 AM] Started ngrok (pid 8080)
[11:02:08 AM] Started server (pid 10868)
[11:02:09 AM] server exited (code 1) — restarting in 3s...
[11:02:09 AM] ngrok exited (code 1) — restarting in 3s...
[11:02:12 AM] Started server (pid 12448)
[11:02:12 AM] Started ngrok (pid 9140)
[11:02:13 AM] server exited (code 1) — restarting in 3s...
[11:02:15 AM] ngrok exited (code 1) — restarting in 3s...
[11:02:16 AM] Started server (pid 17764)
[11:02:17 AM] server exited (code 1) — restarting in 3s...
[11:02:18 AM] Started ngrok (pid 13008)
[11:02:20 AM] Started server (pid 17188)
[11:02:20 AM] ngrok exited (code 1) — restarting in 3s...
[11:02:21 AM] server exited (code 1) — restarting in 3s...
[11:02:23 AM] Started ngrok (pid 7532)
[11:02:24 AM] Started server (pid 9668)
[11:02:25 AM] server exited (code 1) — restarting in 3s...
[11:02:28 AM] Started server (pid 11004)
[11:02:28 AM] ngrok exited (code 1) — restarting in 3s...
[11:02:29 AM] server exited (code 1) — restarting in 3s...
[11:02:31 AM] Started ngrok (pid 6396)
[11:02:32 AM] Started server (pid 21444)
[11:02:32 AM] server exited (code 1) — restarting in 3s...
[11:02:34 AM] ngrok exited (code 1) — restarting in 3s...
[11:02:36 AM] Started server (pid 12216)
[11:02:36 AM] server exited (code 1) — restarting in 3s...
[11:02:37 AM] Started ngrok (pid 14676)
[11:02:39 AM] ngrok exited (code 1) — restarting in 3s...
[11:02:39 AM] Started server (pid 10888)
[11:02:40 AM] server exited (code 1) — restarting in 3s...
[11:02:42 AM] Started ngrok (pid 18916)
[11:02:43 AM] Started server (pid 10668)
[11:02:43 AM] server exited (code 1) — restarting in 3s...
[11:02:44 AM] ngrok exited (code 1) — restarting in 3s...
[11:02:46 AM] Started server (pid 2052)
[11:02:47 AM] Started ngrok (pid 13684)
[11:02:47 AM] server exited (code 1) — restarting in 3s...
[11:02:49 AM] ngrok exited (code 1) — restarting in 3s...
[11:02:50 AM] Started server (pid 3140)
[11:02:50 AM] server exited (code 1) — restarting in 3s...
[11:02:52 AM] Started ngrok (pid 21016)
[11:02:54 AM] Started server (pid 4044)
[11:02:54 AM] server exited (code 1) — restarting in 3s...
[11:02:54 AM] ngrok exited (code 1) — restarting in 3s...
[11:02:57 AM] Started server (pid 2304)
[11:02:57 AM] Started ngrok (pid 21112)
[11:02:58 AM] server exited (code 1) — restarting in 3s...
[11:03:00 AM] ngrok exited (code 1) — restarting in 3s...
[11:03:01 AM] Started server (pid 11940)
[11:03:02 AM] server exited (code 1) — restarting in 3s...
[11:03:02 AM] client exited (code 4294967295) — restarting in 3s...
[11:03:03 AM] Started ngrok (pid 21444)
[11:03:05 AM] Started server (pid 8464)
[11:03:05 AM] Started client (pid 11212)
[11:03:06 AM] server exited (code 1) — restarting in 3s...
[11:03:06 AM] ngrok exited (code 1) — restarting in 3s...
[11:03:09 AM] Started server (pid 20660)
[11:03:09 AM] Started ngrok (pid 5544)
[11:03:09 AM] server exited (code 1) — restarting in 3s...
[11:03:11 AM] ngrok exited (code 1) — restarting in 3s...
[11:03:12 AM] Started server (pid 5380)
[11:03:13 AM] server exited (code 1) — restarting in 3s...
[11:03:14 AM] Started ngrok (pid 7484)
[11:03:16 AM] Started server (pid 12868)
[11:03:17 AM] ngrok exited (code 1) — restarting in 3s...
[11:03:17 AM] server exited (code 1) — restarting in 3s...
[11:03:20 AM] Started ngrok (pid 14788)
[11:03:20 AM] Started server (pid 14908)
[11:03:20 AM] SafeGuard started. Logs in: C:\Users\kshit\Desktop\Rehan project\women-safety-app\logs
[11:03:20 AM] Local:  http://localhost:3000
[11:03:20 AM] Mobile: http://localhost:4040 (get ngrok URL)
[11:03:21 AM] Started server (pid 3932)
[11:03:22 AM] server exited (code 1) — restarting in 3s...
[11:03:22 AM] server exited (code 1) — restarting in 3s...
[11:03:22 AM] Started client (pid 11732)
[11:03:24 AM] ngrok exited (code 1) — restarting in 3s...
[11:03:25 AM] Started server (pid 3464)
[11:03:25 AM] Started server (pid 17048)
[11:03:25 AM] Started ngrok (pid 9792)
[11:03:26 AM] server exited (code 1) — restarting in 3s...
[11:03:26 AM] server exited (code 1) — restarting in 3s...
[11:03:27 AM] Started ngrok (pid 6960)
[11:03:29 AM] Started server (pid 12476)
[11:03:29 AM] Started server (pid 712)
[11:03:29 AM] server exited (code 1) — restarting in 3s...
[11:03:29 AM] ngrok exited (code 1) — restarting in 3s...
[11:03:29 AM] server exited (code 1) — restarting in 3s...
[11:03:30 AM] ngrok exited (code 1) — restarting in 3s...
[11:03:32 AM] Started server (pid 11704)
[11:03:32 AM] Started ngrok (pid 9708)
[11:03:32 AM] Started server (pid 15904)
[11:03:33 AM] server exited (code 1) — restarting in 3s...
[11:03:33 AM] server exited (code 1) — restarting in 3s...
[11:03:33 AM] Started ngrok (pid 13280)
[11:03:34 AM] ngrok exited (code 1) — restarting in 3s...
[11:03:35 AM] ngrok exited (code 1) — restarting in 3s...
[11:03:36 AM] Started server (pid 1124)
[11:03:36 AM] Started server (pid 12328)
[11:03:37 AM] server exited (code 1) — restarting in 3s...
[11:03:37 AM] server exited (code 1) — restarting in 3s...
[11:03:37 AM] Started ngrok (pid 8844)
[11:03:38 AM] Started ngrok (pid 13844)
[11:03:39 AM] ngrok exited (code 1) — restarting in 3s...
[11:03:40 AM] Started server (pid 9752)
[11:03:40 AM] Started server (pid 4868)
[11:03:40 AM] ngrok exited (code 1) — restarting in 3s...
[11:03:41 AM] server exited (code 1) — restarting in 3s...
[11:03:41 AM] server exited (code 1) — restarting in 3s...
[11:03:43 AM] Started ngrok (pid 20496)
[11:03:43 AM] Started ngrok (pid 8400)
[11:03:44 AM] Started server (pid 10332)
[11:03:44 AM] Started server (pid 20252)
[11:03:45 AM] server exited (code 1) — restarting in 3s...
[11:03:45 AM] server exited (code 1) — restarting in 3s...
[11:03:45 AM] ngrok exited (code 1) — restarting in 3s...
[11:03:46 AM] ngrok exited (code 1) — restarting in 3s...
[11:03:48 AM] Started server (pid 12868)
[11:03:48 AM] Started server (pid 7484)
[11:03:48 AM] Started ngrok (pid 13340)
[11:03:48 AM] server exited (code 1) — restarting in 3s...
[11:03:49 AM] server exited (code 1) — restarting in 3s...
[11:03:49 AM] Started ngrok (pid 5432)
[11:03:50 AM] ngrok exited (code 1) — restarting in 3s...
[11:03:51 AM] ngrok exited (code 1) — restarting in 3s...
[11:03:52 AM] Started server (pid 15928)
[11:03:52 AM] Started server (pid 20772)
[11:03:52 AM] server exited (code 1) — restarting in 3s...
[11:03:52 AM] server exited (code 1) — restarting in 3s...
[11:03:53 AM] Started ngrok (pid 5456)
[11:03:54 AM] Started ngrok (pid 15416)
[11:03:56 AM] Started server (pid 5756)
[11:03:56 AM] Started server (pid 9332)
[11:03:56 AM] ngrok exited (code 1) — restarting in 3s...
[11:03:56 AM] ngrok exited (code 1) — restarting in 3s...
[11:03:56 AM] server exited (code 1) — restarting in 3s...
[11:03:57 AM] server exited (code 1) — restarting in 3s...
[11:03:59 AM] Started ngrok (pid 12524)
[11:03:59 AM] Started ngrok (pid 20704)
[11:04:00 AM] Started server (pid 20648)
[11:04:00 AM] Started server (pid 21104)
[11:04:00 AM] server exited (code 1) — restarting in 3s...
[11:04:00 AM] server exited (code 1) — restarting in 3s...
[11:04:01 AM] ngrok exited (code 1) — restarting in 3s...
[11:04:01 AM] ngrok exited (code 1) — restarting in 3s...
[11:04:03 AM] Started server (pid 18588)
[11:04:03 AM] Started server (pid 9280)
[11:04:04 AM] Started ngrok (pid 3156)
[11:04:04 AM] Started ngrok (pid 14608)
[11:04:04 AM] server exited (code 1) — restarting in 3s...
[11:04:04 AM] server exited (code 1) — restarting in 3s...
[11:04:06 AM] ngrok exited (code 1) — restarting in 3s...
[11:04:06 AM] ngrok exited (code 1) — restarting in 3s...
[11:04:07 AM] Started server (pid 9332)
[11:04:07 AM] Started server (pid 16740)
[11:04:08 AM] server exited (code 1) — restarting in 3s...
[11:04:08 AM] server exited (code 1) — restarting in 3s...
[11:04:09 AM] Started ngrok (pid 10632)
[11:04:10 AM] Started ngrok (pid 3656)
[11:04:11 AM] Started server (pid 20968)
[11:04:11 AM] Started server (pid 9752)
[11:04:11 AM] server exited (code 1) — restarting in 3s...
[11:04:11 AM] server exited (code 1) — restarting in 3s...
[11:04:12 AM] ngrok exited (code 1) — restarting in 3s...
[11:04:12 AM] ngrok exited (code 1) — restarting in 3s...
[11:04:14 AM] Started server (pid 13496)
[11:04:15 AM] Started server (pid 18928)
[11:04:15 AM] Started ngrok (pid 16164)
[11:04:15 AM] Started ngrok (pid 19068)
[11:04:15 AM] server exited (code 1) — restarting in 3s...
[11:04:16 AM] server exited (code 1) — restarting in 3s...
[11:04:18 AM] ngrok exited (code 1) — restarting in 3s...
[11:04:18 AM] Started server (pid 6080)
[11:04:18 AM] ngrok exited (code 1) — restarting in 3s...
[11:04:19 AM] Started server (pid 11624)
[11:04:19 AM] server exited (code 1) — restarting in 3s...
[11:04:20 AM] server exited (code 1) — restarting in 3s...
[11:04:21 AM] Started ngrok (pid 2184)
[11:04:22 AM] Started ngrok (pid 11492)
[11:04:22 AM] Started server (pid 9408)
[11:04:23 AM] Started server (pid 14908)
[11:04:23 AM] server exited (code 1) — restarting in 3s...
[11:04:24 AM] server exited (code 1) — restarting in 3s...
[11:04:24 AM] ngrok exited (code 1) — restarting in 3s...
[11:04:25 AM] ngrok exited (code 1) — restarting in 3s...
[11:04:26 AM] Started server (pid 2616)
[11:04:27 AM] Started server (pid 13248)
[11:04:27 AM] Started ngrok (pid 17688)
[11:04:28 AM] server exited (code 1) — restarting in 3s...
[11:04:28 AM] server exited (code 1) — restarting in 3s...
[11:04:28 AM] Started ngrok (pid 20676)
[11:04:30 AM] ngrok exited (code 1) — restarting in 3s...
[11:04:30 AM] ngrok exited (code 1) — restarting in 3s...
[11:04:31 AM] Started server (pid 19816)
[11:04:31 AM] Started server (pid 13392)
[11:04:31 AM] server exited (code 1) — restarting in 3s...
[11:04:31 AM] server exited (code 1) — restarting in 3s...
[11:04:33 AM] Started ngrok (pid 17464)
[11:04:33 AM] Started ngrok (pid 18096)
[11:04:34 AM] Started server (pid 14932)
[11:04:35 AM] Started server (pid 11744)
[11:04:36 AM] server exited (code 1) — restarting in 3s...
[11:04:36 AM] server exited (code 1) — restarting in 3s...
[11:04:37 AM] ngrok exited (code 1) — restarting in 3s...
[11:04:37 AM] ngrok exited (code 1) — restarting in 3s...
[11:04:39 AM] Started server (pid 19744)
[11:04:39 AM] Started server (pid 15892)
[11:04:40 AM] server exited (code 1) — restarting in 3s...
[11:04:40 AM] server exited (code 1) — restarting in 3s...
[11:04:40 AM] Started ngrok (pid 3460)
[11:04:40 AM] Started ngrok (pid 8852)
[11:04:42 AM] ngrok exited (code 1) — restarting in 3s...
[11:04:43 AM] ngrok exited (code 1) — restarting in 3s...
[11:04:43 AM] Started server (pid 4380)
[11:04:43 AM] Started server (pid 1112)
[11:04:43 AM] server exited (code 1) — restarting in 3s...
[11:04:44 AM] server exited (code 1) — restarting in 3s...
[11:04:45 AM] Started ngrok (pid 15928)
[11:04:46 AM] Started ngrok (pid 16756)
